[1;35m--- PURE STONE VIBES SYNC ---[0m
Staging all changes...
Committing with message: Polishing the inventory: 100% accurate labeling.
[master 2979901] Polishing the inventory: 100% accurate labeling.
 10 files changed, 1229 insertions(+), 1457 deletions(-)
 create mode 100644 pulse.sh
 create mode 100644 scribe.log
 create mode 100644 scribe.py
Syncing with GitHub...
error: cannot pull with rebase: You have unstaged changes.
error: Please commit or stash them.
Pushing to the remote Grove...
To https://github.com/metatim89-a11y/fishesstonevibeexample10mins.git
   e8e55fc..2979901  master -> master
[1;32m--- SYNC COMPLETE: VIBES ARE LIVE ---[0m
[1;35m--- PURE STONE VIBES SYNC ---[0m
Staging all changes...
Committing with message: Celestial Moon-Bloom update: Data points locked.
[master 989106b] Celestial Moon-Bloom update: Data points locked.
 2 files changed, 20 insertions(+)
Syncing with GitHub...
error: cannot pull with rebase: You have unstaged changes.
error: Please commit or stash them.
Pushing to the remote Grove...
To https://github.com/metatim89-a11y/fishesstonevibeexample10mins.git
   2979901..989106b  master -> master
[1;32m--- SYNC COMPLETE: VIBES ARE LIVE ---[0m
[1;35m--- PURE STONE VIBES SYNC ---[0m
Staging all changes...
Committing with message: Polishing the inventory: 100% accurate labeling.
[master 57fe5a8] Polishing the inventory: 100% accurate labeling.
 2 files changed, 17 insertions(+)
Syncing with GitHub...
error: cannot pull with rebase: You have unstaged changes.
error: Please commit or stash them.
Pushing to the remote Grove...
To https://github.com/metatim89-a11y/fishesstonevibeexample10mins.git
   989106b..57fe5a8  master -> master
[1;32m--- SYNC COMPLETE: VIBES ARE LIVE ---[0m
[1;35m--- PURE STONE VIBES SYNC ---[0m
Staging all changes...
