[1;35m--- PURE STONE VIBES SYNC ---[0m
Staging all changes...
Committing with message: Polishing the inventory: 100% accurate labeling.
[master 2979901] Polishing the inventory: 100% accurate labeling.
 10 files changed, 1229 insertions(+), 1457 deletions(-)
 create mode 100644 pulse.sh
 create mode 100644 scribe.log
 create mode 100644 scribe.py
Syncing with GitHub...
error: cannot pull with rebase: You have unstaged changes.
error: Please commit or stash them.
Pushing to the remote Grove...
To https://github.com/metatim89-a11y/purestonevibes.ghost.git
   e8e55fc..2979901  master -> master
[1;32m--- SYNC COMPLETE: VIBES ARE LIVE ---[0m
[1;35m--- PURE STONE VIBES SYNC ---[0m
Staging all changes...
Committing with message: Celestial Moon-Bloom update: Data points locked.
[master 989106b] Celestial Moon-Bloom update: Data points locked.
 2 files changed, 20 insertions(+)
Syncing with GitHub...
error: cannot pull with rebase: You have unstaged changes.
error: Please commit or stash them.
Pushing to the remote Grove...
To https://github.com/metatim89-a11y/purestonevibes.ghost.git
   2979901..989106b  master -> master
[1;32m--- SYNC COMPLETE: VIBES ARE LIVE ---[0m
[1;35m--- PURE STONE VIBES SYNC ---[0m
Staging all changes...
Committing with message: Polishing the inventory: 100% accurate labeling.
[master 57fe5a8] Polishing the inventory: 100% accurate labeling.
 2 files changed, 17 insertions(+)
Syncing with GitHub...
error: cannot pull with rebase: You have unstaged changes.
error: Please commit or stash them.
Pushing to the remote Grove...
To https://github.com/metatim89-a11y/purestonevibes.ghost.git
   989106b..57fe5a8  master -> master
[1;32m--- SYNC COMPLETE: VIBES ARE LIVE ---[0m
[1;35m--- PURE STONE VIBES SYNC ---[0m
Staging all changes...
Committing with message: Polishing the inventory: 100% accurate labeling.
[master d6233cc] Polishing the inventory: 100% accurate labeling.
 2 files changed, 17 insertions(+)
Syncing with GitHub...
error: cannot pull with rebase: You have unstaged changes.
error: Please commit or stash them.
Pushing to the remote Grove...
To https://github.com/metatim89-a11y/purestonevibes.ghost.git
   57fe5a8..d6233cc  master -> master
[1;32m--- SYNC COMPLETE: VIBES ARE LIVE ---[0m
[1;35m--- PURE STONE VIBES SYNC ---[0m
Staging all changes...
Committing with message: Polishing the inventory: 100% accurate labeling.
[master b8b2299] Polishing the inventory: 100% accurate labeling.
 2 files changed, 17 insertions(+)
Syncing with GitHub...
error: cannot pull with rebase: You have unstaged changes.
error: Please commit or stash them.
Pushing to the remote Grove...
To https://github.com/metatim89-a11y/purestonevibes.ghost.git
   d6233cc..b8b2299  master -> master
[1;32m--- SYNC COMPLETE: VIBES ARE LIVE ---[0m
[1;35m--- PURE STONE VIBES SYNC ---[0m
Staging all changes...
Committing with message: Polishing the inventory: 100% accurate labeling.
[master 71393cd] Polishing the inventory: 100% accurate labeling.
 3 files changed, 22 insertions(+)
Syncing with GitHub...
error: cannot pull with rebase: You have unstaged changes.
error: Please commit or stash them.
Pushing to the remote Grove...
To https://github.com/metatim89-a11y/purestonevibes.ghost.git
   b8b2299..71393cd  master -> master
[1;32m--- SYNC COMPLETE: VIBES ARE LIVE ---[0m
[1;35m--- PURE STONE VIBES SYNC ---[0m
Staging all changes...
Committing with message: Polishing the inventory: 100% accurate labeling.
[master e94ae98] Polishing the inventory: 100% accurate labeling.
 2 files changed, 368 insertions(+), 158 deletions(-)
Syncing with GitHub...
error: cannot pull with rebase: You have unstaged changes.
error: Please commit or stash them.
Pushing to the remote Grove...
To https://github.com/metatim89-a11y/purestonevibes.ghost.git
   71393cd..e94ae98  master -> master
[1;32m--- SYNC COMPLETE: VIBES ARE LIVE ---[0m
[1;35m--- PURE STONE VIBES SYNC ---[0m
Staging all changes...
Committing with message: Hand-wrapped code committed with 20g tension.
[master a8abd09] Hand-wrapped code committed with 20g tension.
 2 files changed, 16 insertions(+), 6 deletions(-)
Syncing with GitHub...
error: cannot pull with rebase: You have unstaged changes.
error: Please commit or stash them.
Pushing to the remote Grove...
To https://github.com/metatim89-a11y/purestonevibes.ghost.git
   e94ae98..a8abd09  master -> master
[1;32m--- SYNC COMPLETE: VIBES ARE LIVE ---[0m
[1;35m--- PURE STONE VIBES SYNC ---[0m
Staging all changes...
Committing with message: Hand-wrapped code committed with 20g tension.
[master 8b727ac] Hand-wrapped code committed with 20g tension.
 8 files changed, 41 insertions(+), 8 deletions(-)
Syncing with GitHub...
error: cannot pull with rebase: You have unstaged changes.
error: Please commit or stash them.
Pushing to the remote Grove...
To https://github.com/metatim89-a11y/purestonevibes.ghost.git
   a8abd09..8b727ac  master -> master
[1;32m--- SYNC COMPLETE: VIBES ARE LIVE ---[0m
[1;35m--- PURE STONE VIBES SYNC ---[0m
Staging all changes...
Committing with message: Polishing the inventory: 100% accurate labeling.
[master 8cb9a6b] Polishing the inventory: 100% accurate labeling.
 3 files changed, 16 insertions(+), 4 deletions(-)
Syncing with GitHub...
error: cannot pull with rebase: You have unstaged changes.
error: Please commit or stash them.
Pushing to the remote Grove...
To https://github.com/metatim89-a11y/purestonevibes.ghost.git
   8b727ac..8cb9a6b  master -> master
[1;32m--- SYNC COMPLETE: VIBES ARE LIVE ---[0m
[1;35m--- PURE STONE VIBES SYNC ---[0m
Staging all changes...
Committing with message: Hand-wrapped code committed with 20g tension.
[master 9037890] Hand-wrapped code committed with 20g tension.
 2 files changed, 15 insertions(+), 3 deletions(-)
Syncing with GitHub...
error: cannot pull with rebase: You have unstaged changes.
error: Please commit or stash them.
Pushing to the remote Grove...
To https://github.com/metatim89-a11y/purestonevibes.ghost.git
   8cb9a6b..9037890  master -> master
[1;32m--- SYNC COMPLETE: VIBES ARE LIVE ---[0m
[1;35m--- PURE STONE VIBES SYNC ---[0m
Staging all changes...
Committing with message: Hand-wrapped code committed with 20g tension.
[master fe654a3] Hand-wrapped code committed with 20g tension.
 3 files changed, 15 insertions(+), 3 deletions(-)
Syncing with GitHub...
error: cannot pull with rebase: You have unstaged changes.
error: Please commit or stash them.
Pushing to the remote Grove...
To https://github.com/metatim89-a11y/purestonevibes.ghost.git
   9037890..fe654a3  master -> master
[1;32m--- SYNC COMPLETE: VIBES ARE LIVE ---[0m
[1;35m--- PURE STONE VIBES SYNC ---[0m
Staging all changes...
Committing with message: Celestial Moon-Bloom update: Data points locked.
[master 2419610] Celestial Moon-Bloom update: Data points locked.
 2 files changed, 15 insertions(+), 3 deletions(-)
Syncing with GitHub...
error: cannot pull with rebase: You have unstaged changes.
error: Please commit or stash them.
Pushing to the remote Grove...
To https://github.com/metatim89-a11y/purestonevibes.ghost.git
   fe654a3..2419610  master -> master
[1;32m--- SYNC COMPLETE: VIBES ARE LIVE ---[0m
[1;35m--- PURE STONE VIBES SYNC ---[0m
Staging all changes...
Committing with message: Amethyst-powered sync: 28 gems secured.
[master 0a1aa43] Amethyst-powered sync: 28 gems secured.
 3 files changed, 279 insertions(+), 1 deletion(-)
 create mode 100644 stats.html
Syncing with GitHub...
error: cannot pull with rebase: You have unstaged changes.
error: Please commit or stash them.
Pushing to the remote Grove...
To https://github.com/metatim89-a11y/purestonevibes.ghost.git
   2419610..0a1aa43  master -> master
[1;32m--- SYNC COMPLETE: VIBES ARE LIVE ---[0m
[1;35m--- PURE STONE VIBES SYNC ---[0m
Staging all changes...
Committing with message: Vibes are 100% pure. Pushing to the grove.
[master cf77909] Vibes are 100% pure. Pushing to the grove.
 2 files changed, 53 insertions(+)
Syncing with GitHub...
error: cannot pull with rebase: You have unstaged changes.
error: Please commit or stash them.
Pushing to the remote Grove...
To https://github.com/metatim89-a11y/purestonevibes.ghost.git
   0a1aa43..cf77909  master -> master
[1;32m--- SYNC COMPLETE: VIBES ARE LIVE ---[0m
[1;35m--- PURE STONE VIBES SYNC ---[0m
Staging all changes...
Committing with message: Vibes are 100% pure. Pushing to the grove.
[master e49dd62] Vibes are 100% pure. Pushing to the grove.
 1 file changed, 12 insertions(+)
Syncing with GitHub...
error: cannot pull with rebase: You have unstaged changes.
error: Please commit or stash them.
Pushing to the remote Grove...
To https://github.com/metatim89-a11y/purestonevibes.ghost.git
   cf77909..e49dd62  master -> master
[1;32m--- SYNC COMPLETE: VIBES ARE LIVE ---[0m
[1;35m--- PURE STONE VIBES SYNC ---[0m
Staging all changes...
Committing with message: Celestial Moon-Bloom update: Data points locked.
[master bb6c40a] Celestial Moon-Bloom update: Data points locked.
 2 files changed, 282 insertions(+)
 create mode 100644 templates/custom_swagger_ui.html
Syncing with GitHub...
error: cannot pull with rebase: You have unstaged changes.
error: Please commit or stash them.
Pushing to the remote Grove...
To https://github.com/metatim89-a11y/purestonevibes.ghost.git
   e49dd62..bb6c40a  master -> master
[1;32m--- SYNC COMPLETE: VIBES ARE LIVE ---[0m
[1;35m--- PURE STONE VIBES SYNC ---[0m
Staging all changes...
Committing with message: Celestial Moon-Bloom update: Data points locked.
[master fb190db] Celestial Moon-Bloom update: Data points locked.
 2 files changed, 23 insertions(+)
Syncing with GitHub...
error: cannot pull with rebase: You have unstaged changes.
error: Please commit or stash them.
Pushing to the remote Grove...
To https://github.com/metatim89-a11y/purestonevibes.ghost.git
   bb6c40a..fb190db  master -> master
[1;32m--- SYNC COMPLETE: VIBES ARE LIVE ---[0m
[1;35m--- PURE STONE VIBES SYNC ---[0m
Staging all changes...
Committing with message: Hand-wrapped code committed with 20g tension.
[master 0d5eded] Hand-wrapped code committed with 20g tension.
 2 files changed, 3 insertions(+), 1 deletion(-)
Syncing with GitHub...
error: cannot pull with rebase: You have unstaged changes.
error: Please commit or stash them.
Pushing to the remote Grove...
To https://github.com/metatim89-a11y/purestonevibes.ghost.git
   6056c11..0d5eded  master -> master
[1;32m--- SYNC COMPLETE: VIBES ARE LIVE ---[0m
[1;35m--- PURE STONE VIBES SYNC ---[0m
Staging all changes...
Committing with message: Amethyst-powered sync: 28 gems secured.
[master eb8d6fe] Amethyst-powered sync: 28 gems secured.
 2 files changed, 2 insertions(+), 11 deletions(-)
Syncing with GitHub...
error: cannot pull with rebase: You have unstaged changes.
error: Please commit or stash them.
Pushing to the remote Grove...
To https://github.com/metatim89-a11y/purestonevibes.ghost.git
   2994ec8..eb8d6fe  master -> master
[1;32m--- SYNC COMPLETE: VIBES ARE LIVE ---[0m
[1;35m--- PURE STONE VIBES SYNC ---[0m
Staging all changes...
Committing with message: Celestial Moon-Bloom update: Data points locked.
[master 9739e16] Celestial Moon-Bloom update: Data points locked.
 2 files changed, 14 insertions(+), 2 deletions(-)
Syncing with GitHub...
error: cannot pull with rebase: You have unstaged changes.
error: Please commit or stash them.
Pushing to the remote Grove...
To https://github.com/metatim89-a11y/purestonevibes.ghost.git
   eb8d6fe..9739e16  master -> master
[1;32m--- SYNC COMPLETE: VIBES ARE LIVE ---[0m
[1;35m--- PURE STONE VIBES SYNC ---[0m
Staging all changes...
Committing with message: Root-to-Canopy sync complete. The vibes are rising.
[master 3646a8f] Root-to-Canopy sync complete. The vibes are rising.
 2 files changed, 15 insertions(+), 3 deletions(-)
Syncing with GitHub...
error: cannot pull with rebase: You have unstaged changes.
error: Please commit or stash them.
Pushing to the remote Grove...
To https://github.com/metatim89-a11y/purestonevibes.ghost.git
   9739e16..3646a8f  master -> master
[1;32m--- SYNC COMPLETE: VIBES ARE LIVE ---[0m
[1;35m--- PURE STONE VIBES SYNC ---[0m
Staging all changes...
Committing with message: Root-to-Canopy sync complete. The vibes are rising.
[master 1ff63a0] Root-to-Canopy sync complete. The vibes are rising.
 2 files changed, 14 insertions(+), 2 deletions(-)
Syncing with GitHub...
error: cannot pull with rebase: You have unstaged changes.
error: Please commit or stash them.
Pushing to the remote Grove...
To https://github.com/metatim89-a11y/purestonevibes.ghost.git
   3646a8f..1ff63a0  master -> master
[1;32m--- SYNC COMPLETE: VIBES ARE LIVE ---[0m
[1;35m--- PURE STONE VIBES SYNC ---[0m
Staging all changes...
Committing with message: Celestial Moon-Bloom update: Data points locked.
[master cc3fa48] Celestial Moon-Bloom update: Data points locked.
 2 files changed, 15 insertions(+), 3 deletions(-)
Syncing with GitHub...
error: cannot pull with rebase: You have unstaged changes.
error: Please commit or stash them.
Pushing to the remote Grove...
To https://github.com/metatim89-a11y/purestonevibes.ghost.git
   1ff63a0..cc3fa48  master -> master
[1;32m--- SYNC COMPLETE: VIBES ARE LIVE ---[0m
[1;35m--- PURE STONE VIBES SYNC ---[0m
Staging all changes...
Committing with message: Vibes are 100% pure. Pushing to the grove.
[master 923eab1] Vibes are 100% pure. Pushing to the grove.
 2 files changed, 15 insertions(+), 3 deletions(-)
Syncing with GitHub...
error: cannot pull with rebase: You have unstaged changes.
error: Please commit or stash them.
Pushing to the remote Grove...
To https://github.com/metatim89-a11y/purestonevibes.ghost.git
   cc3fa48..923eab1  master -> master
[1;32m--- SYNC COMPLETE: VIBES ARE LIVE ---[0m
[1;35m--- PURE STONE VIBES SYNC ---[0m
Staging all changes...
Committing with message: Root-to-Canopy sync complete. The vibes are rising.
[master 6d3dc8b] Root-to-Canopy sync complete. The vibes are rising.
 2 files changed, 13 insertions(+), 1 deletion(-)
Syncing with GitHub...
error: cannot pull with rebase: You have unstaged changes.
error: Please commit or stash them.
Pushing to the remote Grove...
To https://github.com/metatim89-a11y/purestonevibes.ghost.git
   923eab1..6d3dc8b  master -> master
[1;32m--- SYNC COMPLETE: VIBES ARE LIVE ---[0m
[1;35m--- PURE STONE VIBES SYNC ---[0m
Staging all changes...
Committing with message: Vibes are 100% pure. Pushing to the grove.
[master efdf5e7] Vibes are 100% pure. Pushing to the grove.
 2 files changed, 13 insertions(+), 1 deletion(-)
Syncing with GitHub...
error: cannot pull with rebase: You have unstaged changes.
error: Please commit or stash them.
Pushing to the remote Grove...
To https://github.com/metatim89-a11y/purestonevibes.ghost.git
   6d3dc8b..efdf5e7  master -> master
[1;32m--- SYNC COMPLETE: VIBES ARE LIVE ---[0m
[1;35m--- PURE STONE VIBES SYNC ---[0m
Staging all changes...
Committing with message: Celestial Moon-Bloom update: Data points locked.
[master d6f3b63] Celestial Moon-Bloom update: Data points locked.
 2 files changed, 68 insertions(+), 15 deletions(-)
Syncing with GitHub...
error: cannot pull with rebase: You have unstaged changes.
error: Please commit or stash them.
Pushing to the remote Grove...
To https://github.com/metatim89-a11y/purestonevibes.ghost.git
   efdf5e7..d6f3b63  master -> master
[1;32m--- SYNC COMPLETE: VIBES ARE LIVE ---[0m
[1;35m--- PURE STONE VIBES SYNC ---[0m
Staging all changes...
Committing with message: Hand-wrapped code committed with 20g tension.
[master a523e15] Hand-wrapped code committed with 20g tension.
 2 files changed, 29 insertions(+)
Syncing with GitHub...
error: cannot pull with rebase: You have unstaged changes.
error: Please commit or stash them.
Pushing to the remote Grove...
To https://github.com/metatim89-a11y/purestonevibes.ghost.git
   d6f3b63..a523e15  master -> master
[1;32m--- SYNC COMPLETE: VIBES ARE LIVE ---[0m
[1;35m--- PURE STONE VIBES SYNC ---[0m
Staging all changes...
Committing with message: Vibes are 100% pure. Pushing to the grove.
[master 9683fea] Vibes are 100% pure. Pushing to the grove.
 2 files changed, 94 insertions(+)
Syncing with GitHub...
error: cannot pull with rebase: You have unstaged changes.
error: Please commit or stash them.
Pushing to the remote Grove...
To https://github.com/metatim89-a11y/purestonevibes.ghost.git
   a523e15..9683fea  master -> master
[1;32m--- SYNC COMPLETE: VIBES ARE LIVE ---[0m
[1;35m--- PURE STONE VIBES SYNC ---[0m
Staging all changes...
Committing with message: Celestial Moon-Bloom update: Data points locked.
[master dd7071f] Celestial Moon-Bloom update: Data points locked.
 2 files changed, 40 insertions(+), 8 deletions(-)
Syncing with GitHub...
error: cannot pull with rebase: You have unstaged changes.
error: Please commit or stash them.
Pushing to the remote Grove...
To https://github.com/metatim89-a11y/purestonevibes.ghost.git
   9683fea..dd7071f  master -> master
[1;32m--- SYNC COMPLETE: VIBES ARE LIVE ---[0m
[1;35m--- PURE STONE VIBES SYNC ---[0m
Staging all changes...
Committing with message: Celestial Moon-Bloom update: Data points locked.
[master fb5cdbb] Celestial Moon-Bloom update: Data points locked.
 2 files changed, 16 insertions(+), 5 deletions(-)
Syncing with GitHub...
error: cannot pull with rebase: You have unstaged changes.
error: Please commit or stash them.
Pushing to the remote Grove...
To https://github.com/metatim89-a11y/purestonevibes.ghost.git
   dd7071f..fb5cdbb  master -> master
[1;32m--- SYNC COMPLETE: VIBES ARE LIVE ---[0m
[1;35m--- PURE STONE VIBES SYNC ---[0m
Staging all changes...
Committing with message: Celestial Moon-Bloom update: Data points locked.
[master 9e0c4cd] Celestial Moon-Bloom update: Data points locked.
 2 files changed, 18 insertions(+)
Syncing with GitHub...
error: cannot pull with rebase: You have unstaged changes.
error: Please commit or stash them.
Pushing to the remote Grove...
To https://github.com/metatim89-a11y/purestonevibes.ghost.git
   fb5cdbb..9e0c4cd  master -> master
[1;32m--- SYNC COMPLETE: VIBES ARE LIVE ---[0m
[1;35m--- PURE STONE VIBES SYNC ---[0m
Staging all changes...
Committing with message: Amethyst-powered sync: 28 gems secured.
[master 40b79ad] Amethyst-powered sync: 28 gems secured.
 2 files changed, 27 insertions(+), 2 deletions(-)
Syncing with GitHub...
error: cannot pull with rebase: You have unstaged changes.
error: Please commit or stash them.
Pushing to the remote Grove...
To https://github.com/metatim89-a11y/purestonevibes.ghost.git
   9e0c4cd..40b79ad  master -> master
[1;32m--- SYNC COMPLETE: VIBES ARE LIVE ---[0m
[1;35m--- PURE STONE VIBES SYNC ---[0m
Staging all changes...
Committing with message: Root-to-Canopy sync complete. The vibes are rising.
[master dada52a] Root-to-Canopy sync complete. The vibes are rising.
 2 files changed, 23 insertions(+), 1 deletion(-)
Syncing with GitHub...
error: cannot pull with rebase: You have unstaged changes.
error: Please commit or stash them.
Pushing to the remote Grove...
To https://github.com/metatim89-a11y/purestonevibes.ghost.git
   40b79ad..dada52a  master -> master
[1;32m--- SYNC COMPLETE: VIBES ARE LIVE ---[0m
[1;35m--- PURE STONE VIBES SYNC ---[0m
Staging all changes...
Committing with message: Hand-wrapped code committed with 20g tension.
[master 5907b78] Hand-wrapped code committed with 20g tension.
 2 files changed, 13 insertions(+), 9 deletions(-)
Syncing with GitHub...
error: cannot pull with rebase: You have unstaged changes.
error: Please commit or stash them.
Pushing to the remote Grove...
To https://github.com/metatim89-a11y/purestonevibes.ghost.git
   dada52a..5907b78  master -> master
[1;32m--- SYNC COMPLETE: VIBES ARE LIVE ---[0m
[1;35m--- PURE STONE VIBES SYNC ---[0m
Staging all changes...
Committing with message: Amethyst-powered sync: 28 gems secured.
[master d7db340] Amethyst-powered sync: 28 gems secured.
 2 files changed, 12 insertions(+), 3 deletions(-)
Syncing with GitHub...
error: cannot pull with rebase: You have unstaged changes.
error: Please commit or stash them.
Pushing to the remote Grove...
To https://github.com/metatim89-a11y/purestonevibes.ghost.git
   5907b78..d7db340  master -> master
[1;32m--- SYNC COMPLETE: VIBES ARE LIVE ---[0m
[1;35m--- PURE STONE VIBES SYNC ---[0m
Staging all changes...
Committing with message: Polishing the inventory: 100% accurate labeling.
[master 1891d2f] Polishing the inventory: 100% accurate labeling.
 2 files changed, 26 insertions(+)
Syncing with GitHub...
error: cannot pull with rebase: You have unstaged changes.
error: Please commit or stash them.
Pushing to the remote Grove...
To https://github.com/metatim89-a11y/purestonevibes.ghost.git
   d7db340..1891d2f  master -> master
[1;32m--- SYNC COMPLETE: VIBES ARE LIVE ---[0m
[1;35m--- PURE STONE VIBES SYNC ---[0m
Staging all changes...
Committing with message: Root-to-Canopy sync complete. The vibes are rising.
[master 1a696e1] Root-to-Canopy sync complete. The vibes are rising.
 2 files changed, 21 insertions(+)
Syncing with GitHub...
error: cannot pull with rebase: You have unstaged changes.
error: Please commit or stash them.
Pushing to the remote Grove...
To https://github.com/metatim89-a11y/purestonevibes.ghost.git
   1891d2f..1a696e1  master -> master
[1;32m--- SYNC COMPLETE: VIBES ARE LIVE ---[0m
[1;35m--- PURE STONE VIBES SYNC ---[0m
Staging all changes...
Committing with message: Amethyst-powered sync: 28 gems secured.
[master 2886fdc] Amethyst-powered sync: 28 gems secured.
 3 files changed, 1809 insertions(+), 6 deletions(-)
 create mode 100644 package-lock.json
 create mode 100644 package.json
Syncing with GitHub...
error: cannot pull with rebase: You have unstaged changes.
error: Please commit or stash them.
Pushing to the remote Grove...
To https://github.com/metatim89-a11y/purestonevibes.ghost.git
   1a696e1..2886fdc  master -> master
[1;32m--- SYNC COMPLETE: VIBES ARE LIVE ---[0m
[1;35m--- PURE STONE VIBES SYNC ---[0m
Staging all changes...
Committing with message: Root-to-Canopy sync complete. The vibes are rising.
[master 565fdd5] Root-to-Canopy sync complete. The vibes are rising.
 2 files changed, 20 insertions(+), 6 deletions(-)
Syncing with GitHub...
error: cannot pull with rebase: You have unstaged changes.
error: Please commit or stash them.
Pushing to the remote Grove...
To https://github.com/metatim89-a11y/purestonevibes.ghost.git
   2886fdc..565fdd5  master -> master
[1;32m--- SYNC COMPLETE: VIBES ARE LIVE ---[0m
[1;35m--- PURE STONE VIBES SYNC ---[0m
Staging all changes...
Committing with message: Polishing the inventory: 100% accurate labeling.
[master 34215c6] Polishing the inventory: 100% accurate labeling.
 9 files changed, 1507 insertions(+), 1430 deletions(-)
Syncing with GitHub...
error: cannot pull with rebase: You have unstaged changes.
error: Please commit or stash them.
Pushing to the remote Grove...
To https://github.com/metatim89-a11y/purestonevibes.ghost.git
   565fdd5..34215c6  master -> master
[1;32m--- SYNC COMPLETE: VIBES ARE LIVE ---[0m
[1;35m--- PURE STONE VIBES SYNC ---[0m
Staging all changes...
Committing with message: Hand-wrapped code committed with 20g tension.
[master 1c0139a] Hand-wrapped code committed with 20g tension.
 7 files changed, 199 insertions(+), 20 deletions(-)
 create mode 100644 startuplog.log
Syncing with GitHub...
error: cannot pull with rebase: You have unstaged changes.
error: Please commit or stash them.
Pushing to the remote Grove...
To https://github.com/metatim89-a11y/purestonevibes.ghost.git
   9994412..1c0139a  master -> master
[1;32m--- SYNC COMPLETE: VIBES ARE LIVE ---[0m
[1;35m--- PURE STONE VIBES SYNC ---[0m
Staging all changes...
Committing with message: Amethyst-powered sync: 28 gems secured.
[master d9c6ef5] Amethyst-powered sync: 28 gems secured.
 2 files changed, 146 insertions(+), 137 deletions(-)
Syncing with GitHub...
error: cannot pull with rebase: You have unstaged changes.
error: Please commit or stash them.
Pushing to the remote Grove...
To https://github.com/metatim89-a11y/purestonevibes.ghost.git
   1c0139a..d9c6ef5  master -> master
[1;32m--- SYNC COMPLETE: VIBES ARE LIVE ---[0m
[1;35m--- PURE STONE VIBES SYNC ---[0m
Staging all changes...
Committing with message: Hand-wrapped code committed with 20g tension.
[master fb34d7f] Hand-wrapped code committed with 20g tension.
 2 files changed, 54 insertions(+), 70 deletions(-)
Syncing with GitHub...
error: cannot pull with rebase: You have unstaged changes.
error: Please commit or stash them.
Pushing to the remote Grove...
To https://github.com/metatim89-a11y/purestonevibes.ghost.git
   d9c6ef5..fb34d7f  master -> master
[1;32m--- SYNC COMPLETE: VIBES ARE LIVE ---[0m
[1;35m--- PURE STONE VIBES SYNC ---[0m
Staging all changes...
Committing with message: Hand-wrapped code committed with 20g tension.
[master 16deaef] Hand-wrapped code committed with 20g tension.
 2 files changed, 15 insertions(+), 8 deletions(-)
Syncing with GitHub...
error: cannot pull with rebase: You have unstaged changes.
error: Please commit or stash them.
Pushing to the remote Grove...
To https://github.com/metatim89-a11y/purestonevibes.ghost.git
   fb34d7f..16deaef  master -> master
[1;32m--- SYNC COMPLETE: VIBES ARE LIVE ---[0m
[1;35m--- PURE STONE VIBES SYNC ---[0m
Staging all changes...
Committing with message: Celestial Moon-Bloom update: Data points locked.
[master c6ff0c0] Celestial Moon-Bloom update: Data points locked.
 2 files changed, 44 insertions(+), 7 deletions(-)
Syncing with GitHub...
error: cannot pull with rebase: You have unstaged changes.
error: Please commit or stash them.
Pushing to the remote Grove...
To https://github.com/metatim89-a11y/purestonevibes.ghost.git
   16deaef..c6ff0c0  master -> master
[1;32m--- SYNC COMPLETE: VIBES ARE LIVE ---[0m
[1;35m--- PURE STONE VIBES SYNC ---[0m
Staging all changes...
Committing with message: Vibes are 100% pure. Pushing to the grove.
[master 1eb0c3c] Vibes are 100% pure. Pushing to the grove.
 2 files changed, 69 insertions(+), 11 deletions(-)
Syncing with GitHub...
error: cannot pull with rebase: You have unstaged changes.
error: Please commit or stash them.
Pushing to the remote Grove...
To https://github.com/metatim89-a11y/purestonevibes.ghost.git
   c6ff0c0..1eb0c3c  master -> master
[1;32m--- SYNC COMPLETE: VIBES ARE LIVE ---[0m
[1;35m--- PURE STONE VIBES SYNC ---[0m
Staging all changes...
Committing with message: Hand-wrapped code committed with 20g tension.
[master 815bdb9] Hand-wrapped code committed with 20g tension.
 2 files changed, 272 insertions(+), 7 deletions(-)
 create mode 100644 debug.html
Syncing with GitHub...
error: cannot pull with rebase: You have unstaged changes.
error: Please commit or stash them.
Pushing to the remote Grove...
To https://github.com/metatim89-a11y/purestonevibes.ghost.git
   1eb0c3c..815bdb9  master -> master
[1;32m--- SYNC COMPLETE: VIBES ARE LIVE ---[0m
[1;35m--- PURE STONE VIBES SYNC ---[0m
Staging all changes...
Committing with message: Amethyst-powered sync: 28 gems secured.
[master 4b65d85] Amethyst-powered sync: 28 gems secured.
 2 files changed, 142 insertions(+), 190 deletions(-)
Syncing with GitHub...
error: cannot pull with rebase: You have unstaged changes.
error: Please commit or stash them.
Pushing to the remote Grove...
To https://github.com/metatim89-a11y/purestonevibes.ghost.git
   815bdb9..4b65d85  master -> master
[1;32m--- SYNC COMPLETE: VIBES ARE LIVE ---[0m
[1;35m--- PURE STONE VIBES SYNC ---[0m
Staging all changes...
Committing with message: Amethyst-powered sync: 28 gems secured.
[master 0f232b2] Amethyst-powered sync: 28 gems secured.
 2 files changed, 17 insertions(+), 5 deletions(-)
Syncing with GitHub...
error: cannot pull with rebase: You have unstaged changes.
error: Please commit or stash them.
Pushing to the remote Grove...
To https://github.com/metatim89-a11y/purestonevibes.ghost.git
   4b65d85..0f232b2  master -> master
[1;32m--- SYNC COMPLETE: VIBES ARE LIVE ---[0m
[1;35m--- PURE STONE VIBES SYNC ---[0m
Staging all changes...
Committing with message: Amethyst-powered sync: 28 gems secured.
[master da2f7cf] Amethyst-powered sync: 28 gems secured.
 2 files changed, 14 insertions(+), 9 deletions(-)
Syncing with GitHub...
error: cannot pull with rebase: You have unstaged changes.
error: Please commit or stash them.
Pushing to the remote Grove...
To https://github.com/metatim89-a11y/purestonevibes.ghost.git
   0f232b2..da2f7cf  master -> master
[1;32m--- SYNC COMPLETE: VIBES ARE LIVE ---[0m
[1;35m--- PURE STONE VIBES SYNC ---[0m
Staging all changes...
Committing with message: Hand-wrapped code committed with 20g tension.
[master cdcfe74] Hand-wrapped code committed with 20g tension.
 2 files changed, 14 insertions(+), 8 deletions(-)
Syncing with GitHub...
error: cannot pull with rebase: You have unstaged changes.
error: Please commit or stash them.
Pushing to the remote Grove...
To https://github.com/metatim89-a11y/purestonevibes.ghost.git
   da2f7cf..cdcfe74  master -> master
[1;32m--- SYNC COMPLETE: VIBES ARE LIVE ---[0m
[1;35m--- PURE STONE VIBES SYNC ---[0m
Staging all changes...
Committing with message: Amethyst-powered sync: 28 gems secured.
[master 6b571a3] Amethyst-powered sync: 28 gems secured.
 2 files changed, 17 insertions(+), 8 deletions(-)
Syncing with GitHub...
error: cannot pull with rebase: You have unstaged changes.
error: Please commit or stash them.
Pushing to the remote Grove...
To https://github.com/metatim89-a11y/purestonevibes.ghost.git
   cdcfe74..6b571a3  master -> master
[1;32m--- SYNC COMPLETE: VIBES ARE LIVE ---[0m
[1;35m--- PURE STONE VIBES SYNC ---[0m
Staging all changes...
Committing with message: Polishing the inventory: 100% accurate labeling.
[master 41426b0] Polishing the inventory: 100% accurate labeling.
 2 files changed, 203 insertions(+), 88 deletions(-)
Syncing with GitHub...
error: cannot pull with rebase: You have unstaged changes.
error: Please commit or stash them.
Pushing to the remote Grove...
To https://github.com/metatim89-a11y/purestonevibes.ghost.git
   6b571a3..41426b0  master -> master
[1;32m--- SYNC COMPLETE: VIBES ARE LIVE ---[0m
[1;35m--- PURE STONE VIBES SYNC ---[0m
Staging all changes...
Committing with message: Vibes are 100% pure. Pushing to the grove.
[master 7a352cf] Vibes are 100% pure. Pushing to the grove.
 2 files changed, 47 insertions(+), 6 deletions(-)
Syncing with GitHub...
error: cannot pull with rebase: You have unstaged changes.
error: Please commit or stash them.
Pushing to the remote Grove...
To https://github.com/metatim89-a11y/purestonevibes.ghost.git
   41426b0..7a352cf  master -> master
[1;32m--- SYNC COMPLETE: VIBES ARE LIVE ---[0m
[1;35m--- PURE STONE VIBES SYNC ---[0m
Staging all changes...
Committing with message: Hand-wrapped code committed with 20g tension.
[master d2a55b2] Hand-wrapped code committed with 20g tension.
 3 files changed, 35 insertions(+)
Syncing with GitHub...
error: cannot pull with rebase: You have unstaged changes.
error: Please commit or stash them.
Pushing to the remote Grove...
To https://github.com/metatim89-a11y/purestonevibes.ghost.git
   7a352cf..d2a55b2  master -> master
[1;32m--- SYNC COMPLETE: VIBES ARE LIVE ---[0m
[1;35m--- PURE STONE VIBES SYNC ---[0m
Staging all changes...
Committing with message: Hand-wrapped code committed with 20g tension.
[master b2ed2da] Hand-wrapped code committed with 20g tension.
 2 files changed, 61 insertions(+), 5 deletions(-)
Syncing with GitHub...
error: cannot pull with rebase: You have unstaged changes.
error: Please commit or stash them.
Pushing to the remote Grove...
To https://github.com/metatim89-a11y/purestonevibes.ghost.git
   d2a55b2..b2ed2da  master -> master
[1;32m--- SYNC COMPLETE: VIBES ARE LIVE ---[0m
[1;35m--- PURE STONE VIBES SYNC ---[0m
Staging all changes...
Committing with message: Vibes are 100% pure. Pushing to the grove.
[master 689c2fd] Vibes are 100% pure. Pushing to the grove.
 2 files changed, 55 insertions(+)
Syncing with GitHub...
error: cannot pull with rebase: You have unstaged changes.
error: Please commit or stash them.
Pushing to the remote Grove...
To https://github.com/metatim89-a11y/purestonevibes.ghost.git
   b2ed2da..689c2fd  master -> master
[1;32m--- SYNC COMPLETE: VIBES ARE LIVE ---[0m
[1;35m--- PURE STONE VIBES SYNC ---[0m
Staging all changes...
Committing with message: Hand-wrapped code committed with 20g tension.
[master 0256d16] Hand-wrapped code committed with 20g tension.
 2 files changed, 82 insertions(+)
Syncing with GitHub...
error: cannot pull with rebase: You have unstaged changes.
error: Please commit or stash them.
Pushing to the remote Grove...
To https://github.com/metatim89-a11y/purestonevibes.ghost.git
   689c2fd..0256d16  master -> master
[1;32m--- SYNC COMPLETE: VIBES ARE LIVE ---[0m
[1;35m--- PURE STONE VIBES SYNC ---[0m
Staging all changes...
Committing with message: Celestial Moon-Bloom update: Data points locked.
[master 3b37b1f] Celestial Moon-Bloom update: Data points locked.
 2 files changed, 51 insertions(+)
Syncing with GitHub...
error: cannot pull with rebase: You have unstaged changes.
error: Please commit or stash them.
Pushing to the remote Grove...
To https://github.com/metatim89-a11y/purestonevibes.ghost.git
   0256d16..3b37b1f  master -> master
[1;32m--- SYNC COMPLETE: VIBES ARE LIVE ---[0m
[1;35m--- PURE STONE VIBES SYNC ---[0m
Staging all changes...
Committing with message: Celestial Moon-Bloom update: Data points locked.
[master f8f9a90] Celestial Moon-Bloom update: Data points locked.
 2 files changed, 25 insertions(+), 1 deletion(-)
Syncing with GitHub...
error: cannot pull with rebase: You have unstaged changes.
error: Please commit or stash them.
Pushing to the remote Grove...
To https://github.com/metatim89-a11y/purestonevibes.ghost.git
   3b37b1f..f8f9a90  master -> master
[1;32m--- SYNC COMPLETE: VIBES ARE LIVE ---[0m
[1;35m--- PURE STONE VIBES SYNC ---[0m
Staging all changes...
Committing with message: Root-to-Canopy sync complete. The vibes are rising.
[master 444cbb7] Root-to-Canopy sync complete. The vibes are rising.
 2 files changed, 65 insertions(+)
Syncing with GitHub...
error: cannot pull with rebase: You have unstaged changes.
error: Please commit or stash them.
Pushing to the remote Grove...
To https://github.com/metatim89-a11y/purestonevibes.ghost.git
   f8f9a90..444cbb7  master -> master
[1;32m--- SYNC COMPLETE: VIBES ARE LIVE ---[0m
[1;35m--- PURE STONE VIBES SYNC ---[0m
Staging all changes...
Committing with message: Root-to-Canopy sync complete. The vibes are rising.
[master c22f2b5] Root-to-Canopy sync complete. The vibes are rising.
 3 files changed, 60 insertions(+)
Syncing with GitHub...
error: cannot pull with rebase: You have unstaged changes.
error: Please commit or stash them.
Pushing to the remote Grove...
To https://github.com/metatim89-a11y/purestonevibes.ghost.git
   444cbb7..c22f2b5  master -> master
[1;32m--- SYNC COMPLETE: VIBES ARE LIVE ---[0m
[1;35m--- PURE STONE VIBES SYNC ---[0m
Staging all changes...
Committing with message: Celestial Moon-Bloom update: Data points locked.
[master af05483] Celestial Moon-Bloom update: Data points locked.
 4 files changed, 203 insertions(+)
 create mode 100644 adresses
 create mode 100644 "adressesy\\"
 create mode 100644 templates/_inquiry_ledger.html
Syncing with GitHub...
error: cannot pull with rebase: You have unstaged changes.
error: Please commit or stash them.
Pushing to the remote Grove...
To https://github.com/metatim89-a11y/purestonevibes.ghost.git
   a032b5f..af05483  master -> master
[1;32m--- SYNC COMPLETE: VIBES ARE LIVE ---[0m
[1;35m--- PURE STONE VIBES SYNC ---[0m
Staging all changes...
Committing with message: Amethyst-powered sync: 28 gems secured.
[master 931b285] Amethyst-powered sync: 28 gems secured.
 4 files changed, 38 insertions(+), 10 deletions(-)
 create mode 100644 templates/_image_uploader.html
 create mode 100644 templates/_server_control.html
 create mode 100644 templates/_settings.html
Syncing with GitHub...
error: cannot pull with rebase: You have unstaged changes.
error: Please commit or stash them.
Pushing to the remote Grove...
To https://github.com/metatim89-a11y/purestonevibes.ghost.git
   af05483..931b285  master -> master
[1;32m--- SYNC COMPLETE: VIBES ARE LIVE ---[0m
[1;35m--- PURE STONE VIBES SYNC ---[0m
Staging all changes...
Committing with message: Amethyst-powered sync: 28 gems secured.
[master d2a67bc] Amethyst-powered sync: 28 gems secured.
 2 files changed, 46 insertions(+), 10 deletions(-)
 create mode 100644 templates/_all_pages.html
Syncing with GitHub...
error: cannot pull with rebase: You have unstaged changes.
error: Please commit or stash them.
Pushing to the remote Grove...
To https://github.com/metatim89-a11y/purestonevibes.ghost.git
   931b285..d2a67bc  master -> master
[1;32m--- SYNC COMPLETE: VIBES ARE LIVE ---[0m
[1;35m--- PURE STONE VIBES SYNC ---[0m
Staging all changes...
Committing with message: Polishing the inventory: 100% accurate labeling.
[master 091522c] Polishing the inventory: 100% accurate labeling.
 2 files changed, 52 insertions(+), 9 deletions(-)
 create mode 100644 templates/_system_metrics.html
Syncing with GitHub...
error: cannot pull with rebase: You have unstaged changes.
error: Please commit or stash them.
Pushing to the remote Grove...
To https://github.com/metatim89-a11y/purestonevibes.ghost.git
   d2a67bc..091522c  master -> master
[1;32m--- SYNC COMPLETE: VIBES ARE LIVE ---[0m
[1;35m--- PURE STONE VIBES SYNC ---[0m
Staging all changes...
Committing with message: Polishing the inventory: 100% accurate labeling.
[master 6e8c9f3] Polishing the inventory: 100% accurate labeling.
 2 files changed, 65 insertions(+), 10 deletions(-)
 create mode 100644 templates/_site_statistics.html
Syncing with GitHub...
error: cannot pull with rebase: You have unstaged changes.
error: Please commit or stash them.
Pushing to the remote Grove...
To https://github.com/metatim89-a11y/purestonevibes.ghost.git
   091522c..6e8c9f3  master -> master
[1;32m--- SYNC COMPLETE: VIBES ARE LIVE ---[0m
[1;35m--- PURE STONE VIBES SYNC ---[0m
Staging all changes...
Committing with message: Vibes are 100% pure. Pushing to the grove.
[master 5445c59] Vibes are 100% pure. Pushing to the grove.
 2 files changed, 104 insertions(+), 6 deletions(-)
 create mode 100644 templates/_inventory_editor.html
Syncing with GitHub...
error: cannot pull with rebase: You have unstaged changes.
error: Please commit or stash them.
Pushing to the remote Grove...
To https://github.com/metatim89-a11y/purestonevibes.ghost.git
   6e8c9f3..5445c59  master -> master
[1;32m--- SYNC COMPLETE: VIBES ARE LIVE ---[0m
[1;35m--- PURE STONE VIBES SYNC ---[0m
Staging all changes...
Committing with message: Hand-wrapped code committed with 20g tension.
[master e7cce24] Hand-wrapped code committed with 20g tension.
 2 files changed, 58 insertions(+), 6 deletions(-)
 create mode 100644 templates/_log_file_viewer.html
Syncing with GitHub...
error: cannot pull with rebase: You have unstaged changes.
error: Please commit or stash them.
Pushing to the remote Grove...
To https://github.com/metatim89-a11y/purestonevibes.ghost.git
   5445c59..e7cce24  master -> master
[1;32m--- SYNC COMPLETE: VIBES ARE LIVE ---[0m
[1;35m--- PURE STONE VIBES SYNC ---[0m
Staging all changes...
Committing with message: Hand-wrapped code committed with 20g tension.
[master a85b2fc] Hand-wrapped code committed with 20g tension.
 2 files changed, 95 insertions(+)
 create mode 100644 templates/_version_management.html
Syncing with GitHub...
error: cannot pull with rebase: You have unstaged changes.
error: Please commit or stash them.
Pushing to the remote Grove...
To https://github.com/metatim89-a11y/purestonevibes.ghost.git
   e7cce24..a85b2fc  master -> master
[1;32m--- SYNC COMPLETE: VIBES ARE LIVE ---[0m
[1;35m--- PURE STONE VIBES SYNC ---[0m
Staging all changes...
Committing with message: Celestial Moon-Bloom update: Data points locked.
[master 990e00f] Celestial Moon-Bloom update: Data points locked.
 2 files changed, 16 insertions(+), 2 deletions(-)
Syncing with GitHub...
error: cannot pull with rebase: You have unstaged changes.
error: Please commit or stash them.
Pushing to the remote Grove...
To https://github.com/metatim89-a11y/purestonevibes.ghost.git
   a85b2fc..990e00f  master -> master
[1;32m--- SYNC COMPLETE: VIBES ARE LIVE ---[0m
[1;35m--- PURE STONE VIBES SYNC ---[0m
Staging all changes...
Committing with message: Amethyst-powered sync: 28 gems secured.
[master ec83f62] Amethyst-powered sync: 28 gems secured.
 2 files changed, 14 insertions(+), 3 deletions(-)
Syncing with GitHub...
error: cannot pull with rebase: You have unstaged changes.
error: Please commit or stash them.
Pushing to the remote Grove...
To https://github.com/metatim89-a11y/purestonevibes.ghost.git
   990e00f..ec83f62  master -> master
[1;32m--- SYNC COMPLETE: VIBES ARE LIVE ---[0m
[1;35m--- PURE STONE VIBES SYNC ---[0m
Staging all changes...
Committing with message: Vibes are 100% pure. Pushing to the grove.
[master 4c7bfb4] Vibes are 100% pure. Pushing to the grove.
 2 files changed, 14 insertions(+), 2 deletions(-)
Syncing with GitHub...
error: cannot pull with rebase: You have unstaged changes.
error: Please commit or stash them.
Pushing to the remote Grove...
To https://github.com/metatim89-a11y/purestonevibes.ghost.git
   ec83f62..4c7bfb4  master -> master
[1;32m--- SYNC COMPLETE: VIBES ARE LIVE ---[0m
[1;35m--- PURE STONE VIBES SYNC ---[0m
Staging all changes...
Committing with message: Celestial Moon-Bloom update: Data points locked.
[master d004877] Celestial Moon-Bloom update: Data points locked.
 2 files changed, 15 insertions(+), 3 deletions(-)
Syncing with GitHub...
error: cannot pull with rebase: You have unstaged changes.
error: Please commit or stash them.
Pushing to the remote Grove...
To https://github.com/metatim89-a11y/purestonevibes.ghost.git
   4c7bfb4..d004877  master -> master
[1;32m--- SYNC COMPLETE: VIBES ARE LIVE ---[0m
[1;35m--- PURE STONE VIBES SYNC ---[0m
Staging all changes...
Committing with message: Celestial Moon-Bloom update: Data points locked.
[master eb99f1d] Celestial Moon-Bloom update: Data points locked.
 2 files changed, 48 insertions(+), 2 deletions(-)
Syncing with GitHub...
error: cannot pull with rebase: You have unstaged changes.
error: Please commit or stash them.
Pushing to the remote Grove...
To https://github.com/metatim89-a11y/purestonevibes.ghost.git
   d004877..eb99f1d  master -> master
[1;32m--- SYNC COMPLETE: VIBES ARE LIVE ---[0m
[1;35m--- PURE STONE VIBES SYNC ---[0m
Staging all changes...
Committing with message: Hand-wrapped code committed with 20g tension.
[master 591ad6b] Hand-wrapped code committed with 20g tension.
 4 files changed, 46 insertions(+), 102 deletions(-)
Syncing with GitHub...
error: cannot pull with rebase: You have unstaged changes.
error: Please commit or stash them.
Pushing to the remote Grove...
To https://github.com/metatim89-a11y/purestonevibes.ghost.git
   eb99f1d..591ad6b  master -> master
[1;32m--- SYNC COMPLETE: VIBES ARE LIVE ---[0m
[1;35m--- PURE STONE VIBES SYNC ---[0m
Staging all changes...
Committing with message: Root-to-Canopy sync complete. The vibes are rising.
[master 6570cc3] Root-to-Canopy sync complete. The vibes are rising.
 2 files changed, 15 insertions(+), 4 deletions(-)
Syncing with GitHub...
error: cannot pull with rebase: You have unstaged changes.
error: Please commit or stash them.
Pushing to the remote Grove...
To https://github.com/metatim89-a11y/purestonevibes.ghost.git
   591ad6b..6570cc3  master -> master
[1;32m--- SYNC COMPLETE: VIBES ARE LIVE ---[0m
[1;35m--- PURE STONE VIBES SYNC ---[0m
Staging all changes...
Committing with message: Polishing the inventory: 100% accurate labeling.
[master a0adc82] Polishing the inventory: 100% accurate labeling.
 3 files changed, 26 insertions(+), 406 deletions(-)
Syncing with GitHub...
error: cannot pull with rebase: You have unstaged changes.
error: Please commit or stash them.
Pushing to the remote Grove...
To https://github.com/metatim89-a11y/purestonevibes.ghost.git
   6570cc3..a0adc82  master -> master
[1;32m--- SYNC COMPLETE: VIBES ARE LIVE ---[0m
[1;35m--- PURE STONE VIBES SYNC ---[0m
Staging all changes...
Committing with message: Root-to-Canopy sync complete. The vibes are rising.
[master 6cd5d4b] Root-to-Canopy sync complete. The vibes are rising.
 2 files changed, 31 insertions(+)
Syncing with GitHub...
error: cannot pull with rebase: You have unstaged changes.
error: Please commit or stash them.
Pushing to the remote Grove...
To https://github.com/metatim89-a11y/purestonevibes.ghost.git
   a0adc82..6cd5d4b  master -> master
[1;32m--- SYNC COMPLETE: VIBES ARE LIVE ---[0m
[1;35m--- PURE STONE VIBES SYNC ---[0m
Staging all changes...
Committing with message: Root-to-Canopy sync complete. The vibes are rising.
[master c7a2f33] Root-to-Canopy sync complete. The vibes are rising.
 2 files changed, 22 insertions(+), 8 deletions(-)
Syncing with GitHub...
error: cannot pull with rebase: You have unstaged changes.
error: Please commit or stash them.
Pushing to the remote Grove...
To https://github.com/metatim89-a11y/purestonevibes.ghost.git
   6cd5d4b..c7a2f33  master -> master
[1;32m--- SYNC COMPLETE: VIBES ARE LIVE ---[0m
[1;35m--- PURE STONE VIBES SYNC ---[0m
Staging all changes...
Committing with message: Amethyst-powered sync: 28 gems secured.
[master ff5b748] Amethyst-powered sync: 28 gems secured.
 3 files changed, 38 insertions(+), 4 deletions(-)
Syncing with GitHub...
error: cannot pull with rebase: You have unstaged changes.
error: Please commit or stash them.
Pushing to the remote Grove...
To https://github.com/metatim89-a11y/purestonevibes.ghost.git
   1faf44c..ff5b748  master -> master
[1;32m--- SYNC COMPLETE: VIBES ARE LIVE ---[0m
e: templates/_settings.html (Status: 200)
2026-03-07 14:08:31,677 - INFO - Served static file (cached): templates/_server_control.html (Status: 304)
2026-03-07 14:08:40,013 - INFO - Served static file (cached): templates/_all_pages.html (Status: 304)
2026-03-07 14:08:50,356 - INFO - Served static file: stats.html (Status: 200)
2026-03-07 14:08:50,789 - ERROR - ERROR: SQLite objects created in a thread can only be used in that same thread. The object was created in thread id 127430394873536 and this is thread id 127430456213760. | Path: /api/stats | Method: GET
2026-03-07 14:24:38,068 - ERROR - ERROR: Manual test error triggered for dashboard validation! | Path: /api/trigger_error | Method: GET
2026-03-07 14:24:39,184 - ERROR - ERROR: Manual test error triggered for dashboard validation! | Path: /api/trigger_error | Method: GET
2026-03-07 14:24:42,546 - INFO - Served static file (cached): gallery.html (Status: 304)
2026-03-07 14:24:45,277 - INFO - Served static file (cached): process.html (Status: 304)
2026-03-07 14:24:52,758 - INFO - Served static file (cached): inquiry.html (Status: 304)
2026-03-07 14:28:23,477 - INFO - 📡 [SYSTEM] Dashboard client connected via WebSocket.
2026-03-07 14:29:35,017 - INFO - 📡 [SYSTEM] Dashboard client disconnected.
2026-03-07 14:29:35,065 - INFO - Served static file (cached): theme.css (Status: 304)
2026-03-07 14:29:35,683 - INFO - 📡 [SYSTEM] Dashboard client connected via WebSocket.
2026-03-07 14:29:42,405 - ERROR - ERROR: Manual test error triggered for dashboard validation! | Path: /api/trigger_error | Method: GET
2026-03-07 14:30:04,192 - INFO - Served static file (cached): theme.js (Status: 304)
2026-03-07 14:30:04,447 - INFO - 📡 [SYSTEM] Dashboard client disconnected.
2026-03-07 14:30:06,874 - INFO - Served static file (cached): templates/_server_control.html (Status: 304)
2026-03-07 14:30:10,175 - INFO - Served static file (cached): templates/_log_file_viewer.html (Status: 304)
2026-03-07 14:30:16,472 - INFO - Served static file (cached): templates/_inventory_editor.html (Status: 304)
2026-03-07 14:30:22,270 - INFO - Served static file (cached): templates/_site_statistics.html (Status: 304)
2026-03-07 14:30:22,290 - ERROR - ERROR: SQLite objects created in a thread can only be used in that same thread. The object was created in thread id 136552761988800 and this is thread id 136552843886848. | Path: /api/stats | Method: GET
2026-03-07 14:30:23,927 - INFO - Served static file: templates/_version_management.html (Status: 200)
2026-03-07 14:30:25,571 - INFO - Served static file: templates/_image_uploader.html (Status: 200)
2026-03-07 14:30:29,559 - INFO - Served static file (cached): templates/_settings.html (Status: 304)
2026-03-07 14:30:34,079 - INFO - Served static file (cached): templates/_inquiry_ledger.html (Status: 304)
2026-03-07 14:30:34,112 - ERROR - ERROR: SQLite objects created in a thread can only be used in that same thread. The object was created in thread id 136552761988800 and this is thread id 136552843886848. | Path: /api/inquiries | Method: GET
2026-03-07 14:30:35,584 - INFO - Served static file (cached): templates/_all_pages.html (Status: 304)
2026-03-07 14:30:46,802 - ERROR - ERROR: SQLite objects created in a thread can only be used in that same thread. The object was created in thread id 136552761988800 and this is thread id 136552843886848. | Path: /api/stats | Method: GET
2026-03-07 14:30:54,176 - INFO - 📡 [SYSTEM] Dashboard client connected via WebSocket.
2026-03-07 14:31:06,438 - ERROR - ERROR: Manual test error triggered for dashboard validation! | Path: /api/trigger_error | Method: GET
2026-03-07 15:03:51,897 - INFO - 📡 [SYSTEM] Dashboard client disconnected.
2026-03-07 15:52:56,810 - INFO - 📡 [SYSTEM] Dashboard client connected via WebSocket.
2026-03-07 15:55:24,264 - INFO - 📡 [SYSTEM] Dashboard client disconnected.
2026-03-07 15:55:30,673 - INFO - Served static file (cached): . (Status: 304)
2026-03-07 15:55:30,722 - INFO - Served static file (cached): theme.css (Status: 304)
2026-03-07 15:55:30,923 - INFO - Served static file (cached): theme.js (Status: 304)
2026-03-07 15:55:37,411 - INFO - Served static file (cached): auction.html (Status: 304)
